<?xml version="1.0" encoding="UTF-8"?>
<!-- Generated by org.testng.reporters.JUnitReportReporter -->
<testsuite skipped="0" hostname="Shashanks-MBP.home" name="com.qa.api.gorest.tests.GetImgurAPITest" tests="1" failures="0" timestamp="13 Jun 2021 01:00:12 GMT" time="1.710" errors="0">
  <testcase name="getAccountImagesTest" time="1.710" classname="com.qa.api.gorest.tests.GetImgurAPITest"/>
</testsuite> <!-- com.qa.api.gorest.tests.GetImgurAPITest -->
