<?xml version="1.0" encoding="UTF-8"?>
<!-- Generated by org.testng.reporters.JUnitReportReporter -->
<testsuite skipped="0" hostname="Shashanks-MBP.home" name="com.qa.api.gorest.tests.GetUserTest" tests="1" failures="0" timestamp="13 Jun 2021 01:05:50 GMT" time="2.461" errors="0">
  <testcase name="getAllUserListAPITest" time="2.461" classname="com.qa.api.gorest.tests.GetUserTest"/>
</testsuite> <!-- com.qa.api.gorest.tests.GetUserTest -->
