<?xml version="1.0" encoding="UTF-8"?>
<!-- Generated by org.testng.reporters.JUnitReportReporter -->
<testsuite skipped="0" hostname="Shashanks-MBP.home" name="com.qa.api.gorest.tests.CreateUserTest" tests="1" failures="0" timestamp="07 Jun 2021 22:37:46 GMT" time="3.056" errors="0">
  <testcase name="createUserAPIPOSTTest" time="3.056" classname="com.qa.api.gorest.tests.CreateUserTest"/>
</testsuite> <!-- com.qa.api.gorest.tests.CreateUserTest -->
